<?xml version="1.0" encoding="UTF-8"?>
<!-- Generated by org.testng.reporters.JUnitReportReporter -->
<testsuite hostname="PnTAutomation" failures="0" tests="22" name="runner_files.Runner_TestNG" time="161.005" errors="0" timestamp="2023-11-26T13:09:03 EST" skipped="0">
  <testcase classname="runner_files.Runner_TestNG" name="runScenario" time="7.217"/>
  <testcase classname="runner_files.Runner_TestNG" name="runScenario" time="6.887"/>
  <testcase classname="runner_files.Runner_TestNG" name="runScenario" time="6.235"/>
  <testcase classname="runner_files.Runner_TestNG" name="runScenario" time="6.847"/>
  <testcase classname="runner_files.Runner_TestNG" name="runScenario" time="6.723"/>
  <testcase classname="runner_files.Runner_TestNG" name="runScenario" time="24.104"/>
  <testcase classname="runner_files.Runner_TestNG" name="runScenario" time="6.783"/>
  <testcase classname="runner_files.Runner_TestNG" name="runScenario" time="5.443"/>
  <testcase classname="runner_files.Runner_TestNG" name="runScenario" time="6.671"/>
  <testcase classname="runner_files.Runner_TestNG" name="runScenario" time="7.529"/>
  <testcase classname="runner_files.Runner_TestNG" name="runScenario" time="6.744"/>
  <testcase classname="runner_files.Runner_TestNG" name="runScenario" time="7.592"/>
  <testcase classname="runner_files.Runner_TestNG" name="runScenario" time="5.573"/>
  <testcase classname="runner_files.Runner_TestNG" name="runScenario" time="6.538"/>
  <testcase classname="runner_files.Runner_TestNG" name="runScenario" time="7.611"/>
  <testcase classname="runner_files.Runner_TestNG" name="runScenario" time="5.240"/>
  <testcase classname="runner_files.Runner_TestNG" name="runScenario" time="6.331"/>
  <testcase classname="runner_files.Runner_TestNG" name="runScenario" time="7.027"/>
  <testcase classname="runner_files.Runner_TestNG" name="runScenario" time="5.744"/>
  <testcase classname="runner_files.Runner_TestNG" name="runScenario" time="6.222"/>
  <testcase classname="runner_files.Runner_TestNG" name="runScenario" time="6.309"/>
  <testcase classname="runner_files.Runner_TestNG" name="runScenario" time="5.635"/>
</testsuite> <!-- runner_files.Runner_TestNG -->
